INFO	?	main	2016-12-15T11:32:05.727Z	org.javacs.Main#connectToNode	Connected to parent using socket on port 55282
INFO	?	main	2016-12-15T11:32:05.998Z	org.javacs.JavaLanguageServer#doLint	Lint [/home/iroko/pitaside/workspace/opensource/paystack/src/main/java/com/flexisaf/sdk/paystack/VsCodeTest.java]
INFO	?	InitialIndex	2016-12-15T11:32:06.321Z	org.javacs.SymbolIndex$1#parseAll	Index /home/iroko/pitaside/workspace/opensource/paystack/src/main/java/com/flexisaf/sdk/paystack/VsCodeTest.java
INFO	?	main	2016-12-15T11:33:11.075Z	org.javacs.JavaLanguageServer#doLint	Lint [/home/iroko/pitaside/workspace/opensource/paystack/src/main/java/com/flexisaf/sdk/paystack/VsCodeTest.java]
INFO	?	main	2016-12-15T11:46:28.121Z	org.javacs.JavaLanguageServer#doLint	Lint [/home/iroko/pitaside/workspace/opensource/paystack/src/main/java/com/flexisaf/sdk/paystack/VsCodeTest.java]
WARNING	?	main	2016-12-15T11:46:44.908Z	org.javacs.AutocompleteVisitor#visitSelect	No type for com
WARNING	?	main	2016-12-15T11:46:48.910Z	org.javacs.AutocompleteVisitor#visitSelect	No type for com.flexisaf
WARNING	?	main	2016-12-15T11:46:50.270Z	org.javacs.AutocompleteVisitor#visitSelect	No type for com.flexisaf
WARNING	?	main	2016-12-15T11:46:51.099Z	org.javacs.AutocompleteVisitor#visitSelect	No type for com.flexisaf
WARNING	?	main	2016-12-15T11:46:52.936Z	org.javacs.AutocompleteVisitor#visitSelect	No type for com.flexisaf
WARNING	?	main	2016-12-15T11:46:53.285Z	org.javacs.AutocompleteVisitor#visitSelect	No type for com.flexisaf
WARNING	?	main	2016-12-15T11:46:56.129Z	org.javacs.AutocompleteVisitor#visitSelect	No type for com.flexisaf.sdk
INFO	?	main	2016-12-15T11:46:59.153Z	org.javacs.JavaLanguageServer#doLint	Lint [/home/iroko/pitaside/workspace/opensource/paystack/src/main/java/com/flexisaf/sdk/paystack/VsCodeTest.java]
INFO	?	main	2016-12-15T11:49:21.644Z	org.javacs.JavaLanguageServer#doLint	Lint [/home/iroko/pitaside/workspace/opensource/paystack/src/main/java/com/flexisaf/sdk/paystack/PaystackTransaction.java]
WARNING	?	main	2016-12-15T11:49:26.792Z	org.javacs.AutocompleteVisitor#visitSelect	No type for com
WARNING	?	main	2016-12-15T11:49:28.224Z	org.javacs.AutocompleteVisitor#visitSelect	No type for com
WARNING	?	main	2016-12-15T11:49:28.689Z	org.javacs.AutocompleteVisitor#visitSelect	No type for com.flexisaf
WARNING	?	main	2016-12-15T11:49:30.747Z	org.javacs.AutocompleteVisitor#visitSelect	No type for com.flexisaf.sdk
INFO	?	main	2016-12-15T11:49:33.875Z	org.javacs.JavaLanguageServer#doLint	Lint [/home/iroko/pitaside/workspace/opensource/paystack/src/main/java/com/flexisaf/sdk/paystack/VsCodeTest.java, /home/iroko/pitaside/workspace/opensource/paystack/src/main/java/com/flexisaf/sdk/paystack/PaystackTransaction.java]
INFO	?	main	2016-12-15T11:49:50.980Z	org.javacs.JavaLanguageServer#doLint	Lint [/home/iroko/pitaside/workspace/opensource/paystack/src/main/java/com/flexisaf/sdk/paystack/VsCodeTest.java, /home/iroko/pitaside/workspace/opensource/paystack/src/main/java/com/flexisaf/sdk/paystack/PaystackTransaction.java]
INFO	?	main	2016-12-15T11:51:44.585Z	org.javacs.JavaLanguageServer#doLint	Lint [/home/iroko/pitaside/workspace/opensource/paystack/src/main/java/com/flexisaf/sdk/paystack/json/TransactionJson.java]
WARNING	?	main	2016-12-15T11:51:49.428Z	org.javacs.AutocompleteVisitor#visitSelect	No type for com
WARNING	?	main	2016-12-15T11:51:50.945Z	org.javacs.AutocompleteVisitor#visitSelect	No type for com.flexisaf
WARNING	?	main	2016-12-15T11:51:52.642Z	org.javacs.AutocompleteVisitor#visitSelect	No type for com.flexisaf.sdk
WARNING	?	main	2016-12-15T11:51:55.649Z	org.javacs.AutocompleteVisitor#visitSelect	No type for com.flexisaf.sdk.paystack
INFO	?	main	2016-12-15T11:52:07.089Z	org.javacs.JavaLanguageServer#doLint	Lint [/home/iroko/pitaside/workspace/opensource/paystack/src/main/java/com/flexisaf/sdk/paystack/VsCodeTest.java, /home/iroko/pitaside/workspace/opensource/paystack/src/main/java/com/flexisaf/sdk/paystack/json/TransactionJson.java, /home/iroko/pitaside/workspace/opensource/paystack/src/main/java/com/flexisaf/sdk/paystack/PaystackTransaction.java]
INFO	?	main	2016-12-15T11:52:27.609Z	org.javacs.JavaLanguageServer#doLint	Lint [/home/iroko/pitaside/workspace/opensource/paystack/src/main/java/com/flexisaf/sdk/paystack/VsCodeTest.java, /home/iroko/pitaside/workspace/opensource/paystack/src/main/java/com/flexisaf/sdk/paystack/json/TransactionJson.java, /home/iroko/pitaside/workspace/opensource/paystack/src/main/java/com/flexisaf/sdk/paystack/PaystackTransaction.java]
INFO	?	main	2016-12-15T11:52:49.981Z	org.javacs.JavaLanguageServer#doLint	Lint [/home/iroko/pitaside/workspace/opensource/paystack/src/main/java/com/flexisaf/sdk/paystack/VsCodeTest.java, /home/iroko/pitaside/workspace/opensource/paystack/src/main/java/com/flexisaf/sdk/paystack/json/TransactionJson.java, /home/iroko/pitaside/workspace/opensource/paystack/src/main/java/com/flexisaf/sdk/paystack/PaystackTransaction.java]
INFO	?	main	2016-12-15T11:53:41.004Z	org.javacs.JavaLanguageServer#doLint	Lint [/home/iroko/pitaside/workspace/opensource/paystack/src/main/java/com/flexisaf/sdk/paystack/VsCodeTest.java, /home/iroko/pitaside/workspace/opensource/paystack/src/main/java/com/flexisaf/sdk/paystack/json/TransactionJson.java, /home/iroko/pitaside/workspace/opensource/paystack/src/main/java/com/flexisaf/sdk/paystack/PaystackTransaction.java]
INFO	?	main	2016-12-15T11:53:53.094Z	org.javacs.JavaLanguageServer#doLint	Lint [/home/iroko/pitaside/workspace/opensource/paystack/src/main/java/com/flexisaf/sdk/paystack/VsCodeTest.java, /home/iroko/pitaside/workspace/opensource/paystack/src/main/java/com/flexisaf/sdk/paystack/json/TransactionJson.java, /home/iroko/pitaside/workspace/opensource/paystack/src/main/java/com/flexisaf/sdk/paystack/PaystackTransaction.java]
INFO	?	main	2016-12-15T11:54:47.766Z	org.javacs.JavaLanguageServer#doLint	Lint [/home/iroko/pitaside/workspace/opensource/paystack/src/main/java/com/flexisaf/sdk/paystack/VsCodeTest.java, /home/iroko/pitaside/workspace/opensource/paystack/src/main/java/com/flexisaf/sdk/paystack/json/TransactionJson.java, /home/iroko/pitaside/workspace/opensource/paystack/src/main/java/com/flexisaf/sdk/paystack/PaystackTransaction.java]
INFO	?	main	2016-12-15T11:54:58.119Z	org.javacs.JavaLanguageServer#doLint	Lint [/home/iroko/pitaside/workspace/opensource/paystack/src/main/java/com/flexisaf/sdk/paystack/VsCodeTest.java, /home/iroko/pitaside/workspace/opensource/paystack/src/main/java/com/flexisaf/sdk/paystack/json/TransactionJson.java, /home/iroko/pitaside/workspace/opensource/paystack/src/main/java/com/flexisaf/sdk/paystack/PaystackTransaction.java]
INFO	?	main	2016-12-15T11:55:06.567Z	org.javacs.JavaLanguageServer#doLint	Lint [/home/iroko/pitaside/workspace/opensource/paystack/src/main/java/com/flexisaf/sdk/paystack/VsCodeTest.java, /home/iroko/pitaside/workspace/opensource/paystack/src/main/java/com/flexisaf/sdk/paystack/json/TransactionJson.java, /home/iroko/pitaside/workspace/opensource/paystack/src/main/java/com/flexisaf/sdk/paystack/PaystackTransaction.java]
INFO	?	main	2016-12-15T11:55:08.516Z	org.javacs.JavaLanguageServer#doLint	Lint [/home/iroko/pitaside/workspace/opensource/paystack/src/main/java/com/flexisaf/sdk/paystack/VsCodeTest.java, /home/iroko/pitaside/workspace/opensource/paystack/src/main/java/com/flexisaf/sdk/paystack/json/TransactionJson.java, /home/iroko/pitaside/workspace/opensource/paystack/src/main/java/com/flexisaf/sdk/paystack/PaystackTransaction.java]
INFO	?	main	2016-12-15T11:55:13.917Z	org.javacs.JavaLanguageServer#doLint	Lint [/home/iroko/pitaside/workspace/opensource/paystack/src/main/java/com/flexisaf/sdk/paystack/VsCodeTest.java, /home/iroko/pitaside/workspace/opensource/paystack/src/main/java/com/flexisaf/sdk/paystack/json/TransactionJson.java, /home/iroko/pitaside/workspace/opensource/paystack/src/main/java/com/flexisaf/sdk/paystack/PaystackTransaction.java]
INFO	?	main	2016-12-15T11:55:24.723Z	org.javacs.JavaLanguageServer#doLint	Lint [/home/iroko/pitaside/workspace/opensource/paystack/src/main/java/com/flexisaf/sdk/paystack/VsCodeTest.java, /home/iroko/pitaside/workspace/opensource/paystack/src/main/java/com/flexisaf/sdk/paystack/json/TransactionJson.java, /home/iroko/pitaside/workspace/opensource/paystack/src/main/java/com/flexisaf/sdk/paystack/PaystackTransaction.java]
INFO	?	main	2016-12-15T11:56:22.763Z	org.javacs.JavaLanguageServer#doLint	Lint [/home/iroko/pitaside/workspace/opensource/paystack/src/test/java/com/flexisaf/sdk/paystack/PaystackSDKTest.java]
INFO	?	main	2016-12-15T12:00:30.192Z	org.javacs.JavaLanguageServer#doLint	Lint [/home/iroko/pitaside/workspace/opensource/paystack/src/main/java/com/flexisaf/sdk/paystack/utils/JacksonJsonConverter.java]
WARNING	?	main	2016-12-15T12:00:37.388Z	org.javacs.AutocompleteVisitor#visitSelect	No type for com
WARNING	?	main	2016-12-15T12:00:39.131Z	org.javacs.AutocompleteVisitor#visitSelect	No type for com.flexisaf
WARNING	?	main	2016-12-15T12:00:39.596Z	org.javacs.AutocompleteVisitor#visitSelect	No type for com.flexisaf
WARNING	?	main	2016-12-15T12:00:40.884Z	org.javacs.AutocompleteVisitor#visitSelect	No type for com.flexisaf.sdk
WARNING	?	main	2016-12-15T12:00:43.815Z	org.javacs.AutocompleteVisitor#visitSelect	No type for com.flexisaf.sdk.paystack
WARNING	?	main	2016-12-15T12:00:46.166Z	org.javacs.AutocompleteVisitor#visitSelect	No type for com.flexisaf.sdk.paystack
INFO	?	main	2016-12-15T12:00:53.004Z	org.javacs.JavaLanguageServer#doLint	Lint [/home/iroko/pitaside/workspace/opensource/paystack/src/main/java/com/flexisaf/sdk/paystack/utils/JacksonJsonConverter.java, /home/iroko/pitaside/workspace/opensource/paystack/src/main/java/com/flexisaf/sdk/paystack/VsCodeTest.java, /home/iroko/pitaside/workspace/opensource/paystack/src/main/java/com/flexisaf/sdk/paystack/json/TransactionJson.java, /home/iroko/pitaside/workspace/opensource/paystack/src/test/java/com/flexisaf/sdk/paystack/PaystackSDKTest.java, /home/iroko/pitaside/workspace/opensource/paystack/src/main/java/com/flexisaf/sdk/paystack/PaystackTransaction.java]
INFO	?	main	2016-12-15T12:02:19.545Z	org.javacs.JavaLanguageServer#doLint	Lint [/home/iroko/pitaside/workspace/opensource/paystack/src/main/java/com/flexisaf/sdk/paystack/utils/JacksonJsonConverter.java, /home/iroko/pitaside/workspace/opensource/paystack/src/main/java/com/flexisaf/sdk/paystack/VsCodeTest.java, /home/iroko/pitaside/workspace/opensource/paystack/src/main/java/com/flexisaf/sdk/paystack/json/TransactionJson.java, /home/iroko/pitaside/workspace/opensource/paystack/src/test/java/com/flexisaf/sdk/paystack/PaystackSDKTest.java, /home/iroko/pitaside/workspace/opensource/paystack/src/main/java/com/flexisaf/sdk/paystack/PaystackTransaction.java]
INFO	?	main	2016-12-15T12:02:56.144Z	org.javacs.JavaLanguageServer#doLint	Lint [/home/iroko/pitaside/workspace/opensource/paystack/src/main/java/com/flexisaf/sdk/paystack/utils/JacksonJsonConverter.java, /home/iroko/pitaside/workspace/opensource/paystack/src/main/java/com/flexisaf/sdk/paystack/VsCodeTest.java, /home/iroko/pitaside/workspace/opensource/paystack/src/main/java/com/flexisaf/sdk/paystack/json/TransactionJson.java, /home/iroko/pitaside/workspace/opensource/paystack/src/test/java/com/flexisaf/sdk/paystack/PaystackSDKTest.java, /home/iroko/pitaside/workspace/opensource/paystack/src/main/java/com/flexisaf/sdk/paystack/PaystackTransaction.java]
INFO	?	main	2016-12-15T12:03:01.694Z	org.javacs.JavaLanguageServer#doLint	Lint [/home/iroko/pitaside/workspace/opensource/paystack/src/main/java/com/flexisaf/sdk/paystack/utils/JacksonJsonConverter.java, /home/iroko/pitaside/workspace/opensource/paystack/src/main/java/com/flexisaf/sdk/paystack/VsCodeTest.java, /home/iroko/pitaside/workspace/opensource/paystack/src/main/java/com/flexisaf/sdk/paystack/json/TransactionJson.java, /home/iroko/pitaside/workspace/opensource/paystack/src/test/java/com/flexisaf/sdk/paystack/PaystackSDKTest.java, /home/iroko/pitaside/workspace/opensource/paystack/src/main/java/com/flexisaf/sdk/paystack/PaystackTransaction.java]
INFO	?	main	2016-12-15T12:03:59.490Z	org.javacs.JavaLanguageServer#doLint	Lint [/home/iroko/pitaside/workspace/opensource/paystack/src/main/java/com/flexisaf/sdk/paystack/utils/JacksonJsonConverter.java, /home/iroko/pitaside/workspace/opensource/paystack/src/main/java/com/flexisaf/sdk/paystack/VsCodeTest.java, /home/iroko/pitaside/workspace/opensource/paystack/src/main/java/com/flexisaf/sdk/paystack/json/TransactionJson.java, /home/iroko/pitaside/workspace/opensource/paystack/src/test/java/com/flexisaf/sdk/paystack/PaystackSDKTest.java, /home/iroko/pitaside/workspace/opensource/paystack/src/main/java/com/flexisaf/sdk/paystack/PaystackTransaction.java]
INFO	?	main	2016-12-15T12:04:01.018Z	org.javacs.JavaLanguageServer#doLint	Lint [/home/iroko/pitaside/workspace/opensource/paystack/src/main/java/com/flexisaf/sdk/paystack/utils/JacksonJsonConverter.java, /home/iroko/pitaside/workspace/opensource/paystack/src/main/java/com/flexisaf/sdk/paystack/VsCodeTest.java, /home/iroko/pitaside/workspace/opensource/paystack/src/main/java/com/flexisaf/sdk/paystack/json/TransactionJson.java, /home/iroko/pitaside/workspace/opensource/paystack/src/test/java/com/flexisaf/sdk/paystack/PaystackSDKTest.java, /home/iroko/pitaside/workspace/opensource/paystack/src/main/java/com/flexisaf/sdk/paystack/PaystackTransaction.java]
INFO	?	main	2016-12-15T12:04:29.712Z	org.javacs.JavaLanguageServer#doLint	Lint [/home/iroko/pitaside/workspace/opensource/paystack/src/main/java/com/flexisaf/sdk/paystack/utils/JacksonJsonConverter.java, /home/iroko/pitaside/workspace/opensource/paystack/src/main/java/com/flexisaf/sdk/paystack/VsCodeTest.java, /home/iroko/pitaside/workspace/opensource/paystack/src/main/java/com/flexisaf/sdk/paystack/json/TransactionJson.java, /home/iroko/pitaside/workspace/opensource/paystack/src/test/java/com/flexisaf/sdk/paystack/PaystackSDKTest.java, /home/iroko/pitaside/workspace/opensource/paystack/src/main/java/com/flexisaf/sdk/paystack/PaystackTransaction.java]
INFO	?	main	2016-12-15T12:04:30.536Z	org.javacs.JavaLanguageServer#doLint	Lint [/home/iroko/pitaside/workspace/opensource/paystack/src/main/java/com/flexisaf/sdk/paystack/utils/JacksonJsonConverter.java, /home/iroko/pitaside/workspace/opensource/paystack/src/main/java/com/flexisaf/sdk/paystack/VsCodeTest.java, /home/iroko/pitaside/workspace/opensource/paystack/src/main/java/com/flexisaf/sdk/paystack/json/TransactionJson.java, /home/iroko/pitaside/workspace/opensource/paystack/src/test/java/com/flexisaf/sdk/paystack/PaystackSDKTest.java, /home/iroko/pitaside/workspace/opensource/paystack/src/main/java/com/flexisaf/sdk/paystack/PaystackTransaction.java]
INFO	?	main	2016-12-15T12:04:32.991Z	org.javacs.JavaLanguageServer#doLint	Lint [/home/iroko/pitaside/workspace/opensource/paystack/src/main/java/com/flexisaf/sdk/paystack/utils/JacksonJsonConverter.java, /home/iroko/pitaside/workspace/opensource/paystack/src/main/java/com/flexisaf/sdk/paystack/VsCodeTest.java, /home/iroko/pitaside/workspace/opensource/paystack/src/main/java/com/flexisaf/sdk/paystack/json/TransactionJson.java, /home/iroko/pitaside/workspace/opensource/paystack/src/test/java/com/flexisaf/sdk/paystack/PaystackSDKTest.java, /home/iroko/pitaside/workspace/opensource/paystack/src/main/java/com/flexisaf/sdk/paystack/PaystackTransaction.java]
INFO	?	main	2016-12-15T12:07:26.356Z	org.javacs.JavaLanguageServer#doLint	Lint [/home/iroko/pitaside/workspace/opensource/paystack/src/main/java/com/flexisaf/sdk/paystack/utils/JacksonJsonConverter.java, /home/iroko/pitaside/workspace/opensource/paystack/src/main/java/com/flexisaf/sdk/paystack/VsCodeTest.java, /home/iroko/pitaside/workspace/opensource/paystack/src/main/java/com/flexisaf/sdk/paystack/json/TransactionJson.java, /home/iroko/pitaside/workspace/opensource/paystack/src/test/java/com/flexisaf/sdk/paystack/PaystackSDKTest.java, /home/iroko/pitaside/workspace/opensource/paystack/src/main/java/com/flexisaf/sdk/paystack/PaystackTransaction.java]
INFO	?	main	2016-12-15T12:07:45.759Z	org.javacs.JavaLanguageServer#doLint	Lint [/home/iroko/pitaside/workspace/opensource/paystack/src/main/java/com/flexisaf/sdk/paystack/utils/JacksonJsonConverter.java, /home/iroko/pitaside/workspace/opensource/paystack/src/main/java/com/flexisaf/sdk/paystack/VsCodeTest.java, /home/iroko/pitaside/workspace/opensource/paystack/src/main/java/com/flexisaf/sdk/paystack/json/TransactionJson.java, /home/iroko/pitaside/workspace/opensource/paystack/src/test/java/com/flexisaf/sdk/paystack/PaystackSDKTest.java, /home/iroko/pitaside/workspace/opensource/paystack/src/main/java/com/flexisaf/sdk/paystack/PaystackTransaction.java]
INFO	?	main	2016-12-15T12:07:47.233Z	org.javacs.JavaLanguageServer#doLint	Lint [/home/iroko/pitaside/workspace/opensource/paystack/src/main/java/com/flexisaf/sdk/paystack/utils/JacksonJsonConverter.java, /home/iroko/pitaside/workspace/opensource/paystack/src/main/java/com/flexisaf/sdk/paystack/VsCodeTest.java, /home/iroko/pitaside/workspace/opensource/paystack/src/main/java/com/flexisaf/sdk/paystack/json/TransactionJson.java, /home/iroko/pitaside/workspace/opensource/paystack/src/test/java/com/flexisaf/sdk/paystack/PaystackSDKTest.java, /home/iroko/pitaside/workspace/opensource/paystack/src/main/java/com/flexisaf/sdk/paystack/PaystackTransaction.java]
INFO	?	main	2016-12-15T12:08:55.802Z	org.javacs.JavaLanguageServer#doLint	Lint [/home/iroko/pitaside/workspace/opensource/paystack/src/main/java/com/flexisaf/sdk/paystack/utils/JacksonJsonConverter.java, /home/iroko/pitaside/workspace/opensource/paystack/src/main/java/com/flexisaf/sdk/paystack/VsCodeTest.java, /home/iroko/pitaside/workspace/opensource/paystack/src/main/java/com/flexisaf/sdk/paystack/json/TransactionJson.java, /home/iroko/pitaside/workspace/opensource/paystack/src/test/java/com/flexisaf/sdk/paystack/PaystackSDKTest.java, /home/iroko/pitaside/workspace/opensource/paystack/src/main/java/com/flexisaf/sdk/paystack/PaystackTransaction.java]
WARNING	?	main	2016-12-15T12:09:02.923Z	org.javacs.AutocompleteVisitor#visitSelect	No type for com
WARNING	?	main	2016-12-15T12:10:16.305Z	org.javacs.AutocompleteVisitor#visitSelect	No type for com
WARNING	?	main	2016-12-15T12:10:37.283Z	org.javacs.AutocompleteVisitor#visitSelect	No type for com
WARNING	?	main	2016-12-15T12:10:40.475Z	org.javacs.AutocompleteVisitor#visitSelect	No type for com
WARNING	?	main	2016-12-15T12:10:40.887Z	org.javacs.AutocompleteVisitor#visitSelect	No type for com
WARNING	?	main	2016-12-15T12:11:00.077Z	org.javacs.AutocompleteVisitor#visitSelect	No type for com.flexisaf
WARNING	?	main	2016-12-15T12:11:01.439Z	org.javacs.AutocompleteVisitor#visitSelect	No type for com.flexisaf
WARNING	?	main	2016-12-15T12:11:02.860Z	org.javacs.AutocompleteVisitor#visitSelect	No type for com.flexisaf.sdk
INFO	?	main	2016-12-15T12:11:08.101Z	org.javacs.JavaLanguageServer#doLint	Lint [/home/iroko/pitaside/workspace/opensource/paystack/src/main/java/com/flexisaf/sdk/paystack/utils/JacksonJsonConverter.java, /home/iroko/pitaside/workspace/opensource/paystack/src/main/java/com/flexisaf/sdk/paystack/VsCodeTest.java, /home/iroko/pitaside/workspace/opensource/paystack/src/main/java/com/flexisaf/sdk/paystack/json/TransactionJson.java, /home/iroko/pitaside/workspace/opensource/paystack/src/test/java/com/flexisaf/sdk/paystack/PaystackSDKTest.java, /home/iroko/pitaside/workspace/opensource/paystack/src/main/java/com/flexisaf/sdk/paystack/PaystackTransaction.java]
INFO	?	main	2016-12-15T12:11:35.273Z	org.javacs.JavaLanguageServer#doLint	Lint [/home/iroko/pitaside/workspace/opensource/paystack/src/main/java/com/flexisaf/sdk/paystack/utils/JacksonJsonConverter.java, /home/iroko/pitaside/workspace/opensource/paystack/src/main/java/com/flexisaf/sdk/paystack/VsCodeTest.java, /home/iroko/pitaside/workspace/opensource/paystack/src/main/java/com/flexisaf/sdk/paystack/json/TransactionJson.java, /home/iroko/pitaside/workspace/opensource/paystack/src/test/java/com/flexisaf/sdk/paystack/PaystackSDKTest.java, /home/iroko/pitaside/workspace/opensource/paystack/src/main/java/com/flexisaf/sdk/paystack/PaystackTransaction.java]
INFO	?	InitialIndex	2016-12-15T12:11:36.096Z	org.javacs.SymbolIndex$1#parseAll	Index /home/iroko/pitaside/workspace/opensource/paystack/src/main/java/com/flexisaf/sdk/paystack/utils/JacksonJsonConverter.java
INFO	?	InitialIndex	2016-12-15T12:11:36.099Z	org.javacs.SymbolIndex$1#parseAll	Index /home/iroko/pitaside/workspace/opensource/paystack/src/main/java/com/flexisaf/sdk/paystack/VsCodeTest.java
INFO	?	InitialIndex	2016-12-15T12:11:36.101Z	org.javacs.SymbolIndex$1#parseAll	Index /home/iroko/pitaside/workspace/opensource/paystack/src/main/java/com/flexisaf/sdk/paystack/PaystackTransaction.java
INFO	?	InitialIndex	2016-12-15T12:11:36.103Z	org.javacs.SymbolIndex$1#parseAll	Index /home/iroko/pitaside/workspace/opensource/paystack/src/main/java/com/flexisaf/sdk/paystack/json/TransactionJson.java
INFO	?	InitialIndex	2016-12-15T12:11:36.104Z	org.javacs.SymbolIndex$1#parseAll	Index /home/iroko/pitaside/workspace/opensource/paystack/src/test/java/com/flexisaf/sdk/paystack/PaystackSDKTest.java
INFO	?	main	2016-12-15T12:17:39.457Z	org.javacs.Main#run	Connection closed
